[0307/134723.928:ERROR:process_info.cc(118)] ReadProcessMemory bool __cdecl crashpad::(anonymous namespace)::ReadStruct(HANDLE, crashpad::WinVMAddress, T *) [T = crashpad::process_types::PEB<crashpad::process_types::internal::Traits64>]: Only part of a ReadProcessMemory or WriteProcessMemory request was completed. (0x12B)
[0307/134724.413:ERROR:process_info.cc(551)] ReadProcessData failed
[0307/134724.475:ERROR:process_info.cc(329)] VirtualQueryEx: Access is denied. (0x5)
[0307/134724.475:ERROR:process_info.cc(556)] ReadMemoryInfo failed
[0307/134724.959:ERROR:process_info.cc(329)] VirtualQueryEx: Access is denied. (0x5)
[0307/134724.959:ERROR:process_info.cc(556)] ReadMemoryInfo failed
[0307/134726.444:ERROR:process_info.cc(329)] VirtualQueryEx: Access is denied. (0x5)
[0307/134726.444:ERROR:process_info.cc(556)] ReadMemoryInfo failed
[0307/134726.506:ERROR:process_info.cc(329)] VirtualQueryEx: Access is denied. (0x5)
[0307/134726.506:ERROR:process_info.cc(556)] ReadMemoryInfo failed
[0307/134726.444:ERROR:scoped_process_suspend.cc(40)] NtResumeProcess: An attempt was made to access an exiting process. (0xc000010a)
[0307/134724.319:ERROR:scoped_process_suspend.cc(40)] NtResumeProcess: An attempt was made to access an exiting process. (0xc000010a)
[0307/134726.506:ERROR:scoped_process_suspend.cc(40)] NtResumeProcess: An attempt was made to access an exiting process. (0xc000010a)
[0307/134724.475:ERROR:scoped_process_suspend.cc(40)] NtResumeProcess: An attempt was made to access an exiting process. (0xc000010a)
[0307/134724.413:ERROR:scoped_process_suspend.cc(40)] NtResumeProcess: An attempt was made to access an exiting process. (0xc000010a)
[0307/134724.959:ERROR:scoped_process_suspend.cc(40)] NtResumeProcess: An attempt was made to access an exiting process. (0xc000010a)
[0307/134726.803:ERROR:process_reader_win.cc(123)] NtOpenThread: {Access Denied} A process has requested access to an object, but has not been granted those access rights. (0xc0000022)
[0307/134726.803:ERROR:exception_snapshot_win.cc(98)] thread ID 10500 not found in process
[0307/134726.803:ERROR:scoped_process_suspend.cc(40)] NtResumeProcess: An attempt was made to access an exiting process. (0xc000010a)
[0307/134727.100:ERROR:process_info.cc(329)] VirtualQueryEx: Access is denied. (0x5)
[0307/134727.100:ERROR:process_info.cc(556)] ReadMemoryInfo failed
[0307/134727.100:ERROR:scoped_process_suspend.cc(40)] NtResumeProcess: An attempt was made to access an exiting process. (0xc000010a)
